0 info it worked if it ends with ok
1 verbose cli [ 'node', '/usr/local/bin/npm', 'publish' ]
2 info using npm@2.9.1
3 info using node@v0.12.3
4 verbose publish [ '.' ]
5 silly cache add args [ '.', null ]
6 verbose cache add spec .
7 silly cache add parsed spec { raw: '.',
7 silly cache add   scope: null,
7 silly cache add   name: null,
7 silly cache add   rawSpec: '.',
7 silly cache add   spec: '/Users/allenshow/Documents/work/rtsp/node_modules/rtp-rtcp',
7 silly cache add   type: 'directory' }
8 verbose addLocalDirectory /Users/allenshow/.npm/rtp-rtcp/0.0.1/package.tgz not in flight; packing
9 verbose tar pack [ '/Users/allenshow/.npm/rtp-rtcp/0.0.1/package.tgz',
9 verbose tar pack   '/Users/allenshow/Documents/work/rtsp/node_modules/rtp-rtcp' ]
10 verbose tarball /Users/allenshow/.npm/rtp-rtcp/0.0.1/package.tgz
11 verbose folder /Users/allenshow/Documents/work/rtsp/node_modules/rtp-rtcp
12 info prepublish rtp-rtcp@0.0.1
13 verbose addLocalTarball adding from inside cache /Users/allenshow/.npm/rtp-rtcp/0.0.1/package.tgz
14 silly cache afterAdd rtp-rtcp@0.0.1
15 verbose afterAdd /Users/allenshow/.npm/rtp-rtcp/0.0.1/package/package.json not in flight; writing
16 verbose afterAdd /Users/allenshow/.npm/rtp-rtcp/0.0.1/package/package.json written
17 silly publish { name: 'rtp-rtcp',
17 silly publish   version: '0.0.1',
17 silly publish   readme: '# rtp-rtcp\nnode module for rtp-rtcp protocol\n',
17 silly publish   readmeFilename: 'README.md',
17 silly publish   gitHead: '8b1250ae58d7ac8c6d6c53d9bf9064cc3b2c07eb',
17 silly publish   description: 'node module for rtp-rtcp protocol',
17 silly publish   _id: 'rtp-rtcp@0.0.1',
17 silly publish   scripts: {},
17 silly publish   _shasum: '37fb16f15db1a208354f6a754078548e9bc72549',
17 silly publish   _from: '.' }
18 verbose getPublishConfig undefined
19 silly mapToRegistry name rtp-rtcp
20 silly mapToRegistry using default registry
21 silly mapToRegistry registry https://registry.npmjs.org/
22 silly mapToRegistry uri https://registry.npmjs.org/rtp-rtcp
23 verbose publish registryBase https://registry.npmjs.org/
24 silly publish uploading /Users/allenshow/.npm/rtp-rtcp/0.0.1/package.tgz
25 verbose request uri https://registry.npmjs.org/rtp-rtcp
26 verbose request sending authorization for write operation
27 info attempt registry request try #1 at 4:45:45 PM
28 verbose request using bearer token for auth
29 verbose request id ed3a31ca7de5c03d
30 http request PUT https://registry.npmjs.org/rtp-rtcp
31 http 403 https://registry.npmjs.org/rtp-rtcp
32 verbose headers { 'content-type': 'application/json',
32 verbose headers   'cache-control': 'max-age=60',
32 verbose headers   'content-length': '95',
32 verbose headers   'accept-ranges': 'bytes',
32 verbose headers   date: 'Thu, 28 May 2015 08:45:47 GMT',
32 verbose headers   via: '1.1 varnish',
32 verbose headers   connection: 'keep-alive',
32 verbose headers   'x-served-by': 'cache-sjc3120-SJC',
32 verbose headers   'x-cache': 'MISS',
32 verbose headers   'x-cache-hits': '0',
32 verbose headers   'x-timer': 'S1432802747.480625,VS0,VE290' }
33 verbose request invalidating /Users/allenshow/.npm/registry.npmjs.org/rtp-rtcp on PUT
34 error publish Failed PUT 403
35 verbose stack Error: "You cannot publish over the previously published version 0.0.1." : rtp-rtcp
35 verbose stack     at CachingRegistryClient.<anonymous> (/usr/local/lib/node_modules/npm/node_modules/npm-registry-client/lib/request.js:247:14)
35 verbose stack     at Request._callback (/usr/local/lib/node_modules/npm/node_modules/npm-registry-client/lib/request.js:170:14)
35 verbose stack     at Request.self.callback (/usr/local/lib/node_modules/npm/node_modules/request/request.js:368:22)
35 verbose stack     at Request.emit (events.js:110:17)
35 verbose stack     at Request.<anonymous> (/usr/local/lib/node_modules/npm/node_modules/request/request.js:1219:14)
35 verbose stack     at Request.emit (events.js:129:20)
35 verbose stack     at IncomingMessage.<anonymous> (/usr/local/lib/node_modules/npm/node_modules/request/request.js:1167:12)
35 verbose stack     at IncomingMessage.emit (events.js:129:20)
35 verbose stack     at _stream_readable.js:908:16
35 verbose stack     at process._tickCallback (node.js:355:11)
36 verbose statusCode 403
37 verbose pkgid rtp-rtcp
38 verbose cwd /Users/allenshow/Documents/work/rtsp/node_modules/rtp-rtcp
39 error Darwin 14.1.0
40 error argv "node" "/usr/local/bin/npm" "publish"
41 error node v0.12.3
42 error npm  v2.9.1
43 error code E403
44 error "You cannot publish over the previously published version 0.0.1." : rtp-rtcp
45 error If you need help, you may report this error at:
45 error     <https://github.com/npm/npm/issues>
46 verbose exit [ 1, true ]
